<?xml version="1.0" encoding="UTF-8"?>
<!-- Generated by org.testng.reporters.JUnitReportReporter -->
<testsuite hostname="Tejas" failures="0" tests="10" name="testcases.ProductTests" time="8.823" errors="0" timestamp="2025-06-30T19:38:02 IST" skipped="0">
  <testcase classname="testcases.ProductTests" name="testGetProductById" time="0.539"/>
  <testcase classname="testcases.ProductTests" name="testGetAllProducts" time="0.838"/>
  <testcase classname="testcases.ProductTests" name="testGetProductsByCategory" time="0.835"/>
  <testcase classname="testcases.ProductTests" name="testCreateProduct" time="2.717"/>
  <testcase classname="testcases.ProductTests" name="testGetProductsAscSorted" time="0.610"/>
  <testcase classname="testcases.ProductTests" name="testGetProductWithLimit" time="0.705"/>
  <testcase classname="testcases.ProductTests" name="testUpdateProduct" time="0.697"/>
  <testcase classname="testcases.ProductTests" name="testDeleteProduct" time="0.654"/>
  <testcase classname="testcases.ProductTests" name="testGetAllCategories" time="0.620"/>
  <testcase classname="testcases.ProductTests" name="testGetProductsDescSorted" time="0.608"/>
</testsuite> <!-- testcases.ProductTests -->
