<?xml version="1.0" encoding="UTF-8"?>
<!-- Generated by org.testng.reporters.JUnitReportReporter -->
<testsuite hostname="Tejas" failures="0" tests="10" name="testcases.CartTests" time="9.463" errors="0" timestamp="2025-07-05T02:59:27 IST" skipped="0">
  <testcase classname="testcases.CartTests" name="testCreateCart" time="2.254"/>
  <testcase classname="testcases.CartTests" name="testGetCartInDateRange" time="0.802"/>
  <testcase classname="testcases.CartTests" name="testUpdateCart" time="0.697"/>
  <testcase classname="testcases.CartTests" name="testGetCartById" time="0.815"/>
  <testcase classname="testcases.CartTests" name="testGetCartsSortedDesc" time="0.816"/>
  <testcase classname="testcases.CartTests" name="testDeleteCart" time="0.810"/>
  <testcase classname="testcases.CartTests" name="testGetUserCart" time="0.770"/>
  <testcase classname="testcases.CartTests" name="testGetCartWithLimit" time="0.820"/>
  <testcase classname="testcases.CartTests" name="testGetCartsSortedAsc" time="0.856"/>
  <testcase classname="testcases.CartTests" name="testGetAllCarts" time="0.823"/>
</testsuite> <!-- testcases.CartTests -->
