<?xml version="1.0" encoding="UTF-8"?>
<!-- Generated by org.testng.reporters.JUnitReportReporter -->
<testsuite hostname="Tejas" failures="0" tests="3" name="testcases.SchemaTests" time="3.663" errors="0" timestamp="2025-07-05T03:29:46 IST" skipped="0">
  <testcase classname="testcases.SchemaTests" name="testCartSchema" time="2.123"/>
  <testcase classname="testcases.SchemaTests" name="testUserSchema" time="0.909"/>
  <testcase classname="testcases.SchemaTests" name="testProductSchema" time="0.631"/>
</testsuite> <!-- testcases.SchemaTests -->
