<?xml version="1.0" encoding="UTF-8"?>
<!-- Generated by org.testng.reporters.JUnitReportReporter -->
<testsuite hostname="Tejas" failures="0" tests="5" name="testcases.ProductDataDrivenTest" time="6.897" errors="0" timestamp="2025-06-30T19:38:02 IST" skipped="0">
  <testcase classname="testcases.ProductDataDrivenTest" name="testAddNewProduct" time="1.516"/>
  <testcase classname="testcases.ProductDataDrivenTest" name="testAddNewProduct" time="1.341"/>
  <testcase classname="testcases.ProductDataDrivenTest" name="testAddNewProduct" time="1.358"/>
  <testcase classname="testcases.ProductDataDrivenTest" name="testAddNewProduct" time="1.297"/>
  <testcase classname="testcases.ProductDataDrivenTest" name="testAddNewProduct" time="1.385"/>
</testsuite> <!-- testcases.ProductDataDrivenTest -->
