<?xml version="1.0" encoding="UTF-8"?>
<!-- Generated by org.testng.reporters.JUnitReportReporter -->
<testsuite hostname="Tejas" failures="0" tests="8" name="testcases.UserTest" time="7.424" errors="0" timestamp="2025-07-05T03:36:34 IST" skipped="0">
  <testcase classname="testcases.UserTest" name="testGetUserWithLimit" time="0.691"/>
  <testcase classname="testcases.UserTest" name="deleteUser" time="0.796"/>
  <testcase classname="testcases.UserTest" name="testGetAllUsers" time="0.688"/>
  <testcase classname="testcases.UserTest" name="testGetUserAscendingOrder" time="0.792"/>
  <testcase classname="testcases.UserTest" name="testGetUserDescendingOrder" time="0.705"/>
  <testcase classname="testcases.UserTest" name="createUser" time="2.402"/>
  <testcase classname="testcases.UserTest" name="updateUser" time="0.657"/>
  <testcase classname="testcases.UserTest" name="testGetUserById" time="0.693"/>
</testsuite> <!-- testcases.UserTest -->
