<?xml version="1.0" encoding="UTF-8"?>
<!-- Generated by org.testng.reporters.JUnitReportReporter -->
<testsuite hostname="Tejas" failures="0" tests="10" name="testcases.CartTests" time="8.837" errors="0" timestamp="2025-07-05T03:36:34 IST" skipped="0">
  <testcase classname="testcases.CartTests" name="testGetCartsSortedDesc" time="0.716"/>
  <testcase classname="testcases.CartTests" name="testGetCartById" time="0.719"/>
  <testcase classname="testcases.CartTests" name="testDeleteCart" time="0.723"/>
  <testcase classname="testcases.CartTests" name="testGetAllCarts" time="0.786"/>
  <testcase classname="testcases.CartTests" name="testGetUserCart" time="0.689"/>
  <testcase classname="testcases.CartTests" name="testUpdateCart" time="0.634"/>
  <testcase classname="testcases.CartTests" name="testGetCartWithLimit" time="0.741"/>
  <testcase classname="testcases.CartTests" name="testGetCartsSortedAsc" time="0.729"/>
  <testcase classname="testcases.CartTests" name="testGetCartInDateRange" time="0.685"/>
  <testcase classname="testcases.CartTests" name="testCreateCart" time="2.415"/>
</testsuite> <!-- testcases.CartTests -->
