<?xml version="1.0" encoding="UTF-8"?>
<!-- Generated by org.testng.reporters.JUnitReportReporter -->
<testsuite hostname="Tejas" failures="0" tests="10" name="testcases.ProductTests" time="7.093" errors="0" timestamp="2025-06-29T15:56:31 IST" skipped="0">
  <testcase classname="testcases.ProductTests" name="testDeleteProduct" time="0.637"/>
  <testcase classname="testcases.ProductTests" name="testGetProductsDescSorted" time="0.556"/>
  <testcase classname="testcases.ProductTests" name="testGetProductsAscSorted" time="0.460"/>
  <testcase classname="testcases.ProductTests" name="testGetProductsByCategory" time="0.640"/>
  <testcase classname="testcases.ProductTests" name="testUpdateProduct" time="0.523"/>
  <testcase classname="testcases.ProductTests" name="testGetProductWithLimit" time="0.549"/>
  <testcase classname="testcases.ProductTests" name="testCreateProduct" time="2.183"/>
  <testcase classname="testcases.ProductTests" name="testGetAllProducts" time="0.615"/>
  <testcase classname="testcases.ProductTests" name="testGetProductById" time="0.458"/>
  <testcase classname="testcases.ProductTests" name="testGetAllCategories" time="0.472"/>
</testsuite> <!-- testcases.ProductTests -->
