<?xml version="1.0" encoding="UTF-8"?>
<!-- Generated by org.testng.reporters.JUnitReportReporter -->
<testsuite hostname="Tejas" failures="0" tests="10" name="testcases.ProductTests" time="8.241" errors="0" timestamp="2025-07-05T03:36:34 IST" skipped="0">
  <testcase classname="testcases.ProductTests" name="testCreateProduct" time="2.412"/>
  <testcase classname="testcases.ProductTests" name="testGetProductsDescSorted" time="0.651"/>
  <testcase classname="testcases.ProductTests" name="testDeleteProduct" time="0.722"/>
  <testcase classname="testcases.ProductTests" name="testGetAllCategories" time="0.646"/>
  <testcase classname="testcases.ProductTests" name="testGetProductsByCategory" time="0.697"/>
  <testcase classname="testcases.ProductTests" name="testGetProductsAscSorted" time="0.597"/>
  <testcase classname="testcases.ProductTests" name="testGetAllProducts" time="0.675"/>
  <testcase classname="testcases.ProductTests" name="testGetProductWithLimit" time="0.574"/>
  <testcase classname="testcases.ProductTests" name="testGetProductById" time="0.615"/>
  <testcase classname="testcases.ProductTests" name="testUpdateProduct" time="0.652"/>
</testsuite> <!-- testcases.ProductTests -->
