<?xml version="1.0" encoding="UTF-8"?>
<!-- Generated by org.testng.reporters.JUnitReportReporter -->
<testsuite hostname="Tejas" failures="0" tests="10" name="testcases.ProductTests" time="8.975" errors="0" timestamp="2025-06-30T19:16:09 IST" skipped="0">
  <testcase classname="testcases.ProductTests" name="testGetProductsDescSorted" time="0.645"/>
  <testcase classname="testcases.ProductTests" name="testGetProductsAscSorted" time="0.663"/>
  <testcase classname="testcases.ProductTests" name="testUpdateProduct" time="0.638"/>
  <testcase classname="testcases.ProductTests" name="testGetProductById" time="0.641"/>
  <testcase classname="testcases.ProductTests" name="testGetAllCategories" time="0.529"/>
  <testcase classname="testcases.ProductTests" name="testDeleteProduct" time="0.667"/>
  <testcase classname="testcases.ProductTests" name="testCreateProduct" time="3.021"/>
  <testcase classname="testcases.ProductTests" name="testGetAllProducts" time="0.671"/>
  <testcase classname="testcases.ProductTests" name="testGetProductWithLimit" time="0.773"/>
  <testcase classname="testcases.ProductTests" name="testGetProductsByCategory" time="0.727"/>
</testsuite> <!-- testcases.ProductTests -->
