<?xml version="1.0" encoding="UTF-8"?>
<!-- Generated by org.testng.reporters.JUnitReportReporter -->
<testsuite hostname="Tejas" failures="0" tests="2" name="testcases.LoginTests" time="3.224" errors="0" timestamp="2025-07-05T03:36:34 IST" skipped="0">
  <testcase classname="testcases.LoginTests" name="testVerifiedUser" time="0.898"/>
  <testcase classname="testcases.LoginTests" name="testInvalidUserLogin" time="2.326"/>
</testsuite> <!-- testcases.LoginTests -->
