<?xml version="1.0" encoding="UTF-8"?>
<!-- Generated by org.testng.reporters.JUnitReportReporter -->
<testsuite hostname="Tejas" failures="0" tests="5" name="testcases.ProductDataDrivenTest" time="6.914" errors="0" timestamp="2025-06-30T19:16:09 IST" skipped="0">
  <testcase classname="testcases.ProductDataDrivenTest" name="testAddNewProduct" time="1.355"/>
  <testcase classname="testcases.ProductDataDrivenTest" name="testAddNewProduct" time="1.455"/>
  <testcase classname="testcases.ProductDataDrivenTest" name="testAddNewProduct" time="1.486"/>
  <testcase classname="testcases.ProductDataDrivenTest" name="testAddNewProduct" time="1.390"/>
  <testcase classname="testcases.ProductDataDrivenTest" name="testAddNewProduct" time="1.228"/>
</testsuite> <!-- testcases.ProductDataDrivenTest -->
