<?xml version="1.0" encoding="UTF-8"?>
<!-- Generated by org.testng.reporters.JUnitReportReporter -->
<testsuite hostname="Tejas" failures="0" tests="2" name="testcases.LoginTests" time="3.587" errors="0" timestamp="2025-07-05T03:12:57 IST" skipped="0">
  <testcase classname="testcases.LoginTests" name="testVerifiedUser" time="1.134"/>
  <testcase classname="testcases.LoginTests" name="testInvalidUserLogin" time="2.453"/>
</testsuite> <!-- testcases.LoginTests -->
