<?xml version="1.0" encoding="UTF-8"?>
<!-- Generated by org.testng.reporters.JUnitReportReporter -->
<testsuite hostname="Tejas" failures="0" tests="8" name="testcases.UserTest" time="7.460" errors="0" timestamp="2025-07-05T00:52:34 IST" skipped="0">
  <testcase classname="testcases.UserTest" name="createUser" time="2.255"/>
  <testcase classname="testcases.UserTest" name="testGetUserWithLimit" time="0.718"/>
  <testcase classname="testcases.UserTest" name="deleteUser" time="0.777"/>
  <testcase classname="testcases.UserTest" name="testGetUserDescendingOrder" time="0.757"/>
  <testcase classname="testcases.UserTest" name="testGetAllUsers" time="0.761"/>
  <testcase classname="testcases.UserTest" name="testGetUserById" time="0.746"/>
  <testcase classname="testcases.UserTest" name="testGetUserAscendingOrder" time="0.820"/>
  <testcase classname="testcases.UserTest" name="updateUser" time="0.626"/>
</testsuite> <!-- testcases.UserTest -->
